  Distribution.cpp
C:\Users\Helen\Desktop\WPPlugin\WorldPalette\WorldPalette\Distribution.cpp(16,24): warning C4244: 'return': conversion from 'double' to 'float', possible loss of data
C:\Users\Helen\Desktop\WPPlugin\WorldPalette\WorldPalette\Distribution.cpp(251,24): warning C4244: 'initializing': conversion from 'double' to 'float', possible loss of data
C:\Users\Helen\Desktop\WPPlugin\WorldPalette\WorldPalette\Distribution.cpp(252,38): warning C4244: '=': conversion from 'double' to 'float', possible loss of data
C:\Users\Helen\Desktop\WPPlugin\WorldPalette\WorldPalette\Distribution.cpp(256,36): warning C4244: '=': conversion from 'double' to 'float', possible loss of data
C:\Users\Helen\Desktop\WPPlugin\WorldPalette\WorldPalette\Distribution.cpp(291,40): warning C4244: 'initializing': conversion from 'double' to 'float', possible loss of data
C:\Users\Helen\Desktop\WPPlugin\WorldPalette\WorldPalette\Distribution.cpp(292,27): warning C4244: 'initializing': conversion from 'float' to 'int', possible loss of data
C:\Users\Helen\Desktop\WPPlugin\WorldPalette\WorldPalette\Distribution.cpp(308,25): warning C4244: 'initializing': conversion from 'double' to 'float', possible loss of data
C:\Users\Helen\Desktop\WPPlugin\WorldPalette\WorldPalette\Distribution.cpp(309,25): warning C4244: 'initializing': conversion from 'double' to 'float', possible loss of data
  WPPlugin.cpp
C:\Users\Helen\Desktop\WPPlugin\WorldPalette\WorldPalette\WPPlugin.cpp(299,62): warning C4244: 'argument': conversion from 'double' to 'float', possible loss of data
C:\Users\Helen\Desktop\WPPlugin\WorldPalette\WorldPalette\WPPlugin.cpp(299,48): warning C4244: 'argument': conversion from 'double' to 'float', possible loss of data
C:\Users\Helen\Desktop\WPPlugin\WorldPalette\WorldPalette\WPPlugin.cpp(323,50): warning C4244: 'argument': conversion from 'double' to 'float', possible loss of data
C:\Users\Helen\Desktop\WPPlugin\WorldPalette\WorldPalette\WPPlugin.cpp(323,43): warning C4244: 'argument': conversion from 'double' to 'float', possible loss of data
  WorldPalette.cpp
C:\Users\Helen\Desktop\WPPlugin\WorldPalette\WorldPalette\WorldPalette.cpp(174,20): warning C4244: '=': conversion from '__int64' to 'int', possible loss of data
C:\Users\Helen\Desktop\WPPlugin\WorldPalette\WorldPalette\WorldPalette.cpp(193,25): warning C4244: 'initializing': conversion from 'double' to 'float', possible loss of data
C:\Users\Helen\Desktop\WPPlugin\WorldPalette\WorldPalette\WorldPalette.cpp(209,78): warning C4244: '+=': conversion from 'double' to 'float', possible loss of data
C:\Users\Helen\Desktop\WPPlugin\WorldPalette\WorldPalette\WorldPalette.cpp(237,25): warning C4244: 'initializing': conversion from 'const _Ty' to 'int', possible loss of data
          with
          [
              _Ty=float
          ]
C:\Users\Helen\Desktop\WPPlugin\WorldPalette\WorldPalette\WorldPalette.cpp(256,36): warning C4267: 'initializing': conversion from 'size_t' to 'int', possible loss of data
C:\Users\Helen\Desktop\WPPlugin\WorldPalette\WorldPalette\WorldPalette.cpp(266,27): warning C4244: 'initializing': conversion from 'int' to 'float', possible loss of data
     Creating library C:\Users\Helen\Desktop\WPPlugin\WorldPalette\\WorldPalette.lib and object C:\Users\Helen\Desktop\WPPlugin\WorldPalette\\WorldPalette.exp
  Generating code
  222 of 898 functions (24.7%) were compiled, the rest were copied from previous compilation.
    1 functions were new in current compilation
    29 functions had inline decision re-evaluated but remain unchanged
  Finished generating code
  WorldPalette.vcxproj -> C:\Users\Helen\Desktop\WPPlugin\WorldPalette\\WorldPalette.mll
